<?xml version="1.0" encoding="UTF-8"?>
<!-- Generated by org.testng.reporters.JUnitReportReporter -->
<testsuite hostname="LAPTOP-2NA4FFI8" failures="0" tests="1" name="mindq.cucumberframeworkDec.TestRunner" time="19.326" errors="0" timestamp="08 Feb 2023 03:55:45 GMT" skipped="0">
  <testcase classname="mindq.cucumberframeworkDec.TestRunner" name="runScenario" time="19.326"/>
</testsuite> <!-- mindq.cucumberframeworkDec.TestRunner -->
